<?xml version="1.0" encoding="UTF-8"?>
<testsuite name="JobSearch Test"
           tests="7"
           failures="0"
           errors="0"
           skipped="0"
           time="129.305">
  <properties />
  
  
            <testcase name="verifyJobSearchResultUsingDifferentDataSet" time="15.290" classname="uk.co.library.testsuite.JobSearchTest" />
                <testcase name="verifyJobSearchResultUsingDifferentDataSet" time="15.086" classname="uk.co.library.testsuite.JobSearchTest" />
                <testcase name="verifyJobSearchResultUsingDifferentDataSet" time="15.372" classname="uk.co.library.testsuite.JobSearchTest" />
                <testcase name="verifyJobSearchResultUsingDifferentDataSet" time="13.765" classname="uk.co.library.testsuite.JobSearchTest" />
                <testcase name="verifyJobSearchResultUsingDifferentDataSet" time="15.852" classname="uk.co.library.testsuite.JobSearchTest" />
                <testcase name="verifyJobSearchResultUsingDifferentDataSet" time="14.190" classname="uk.co.library.testsuite.JobSearchTest" />
                <testcase name="verifyJobSearchResultUsingDifferentDataSet" time="39.750" classname="uk.co.library.testsuite.JobSearchTest" />
      
</testsuite>
